<?xml version="1.0" encoding="UTF-8"?>
<!-- Generated by org.testng.reporters.JUnitReportReporter -->
<testsuite hostname="DESKTOP-0QEN6VG" failures="0" tests="1" name="cucumberOptions.TestNgTestRunner" time="0.238" errors="0" timestamp="2022-05-31T10:57:04 IST" skipped="0">
  <testcase classname="cucumberOptions.TestNgTestRunner" name="runScenario" time="0.238"/>
  <system-out/>
</testsuite> <!-- cucumberOptions.TestNgTestRunner -->
